0 info it worked if it ends with ok
1 verbose cli [ '/usr/local/bin/node',
1 verbose cli   '/usr/local/bin/npm',
1 verbose cli   'pack',
1 verbose cli   'isbinaryfile@2.0.0' ]
2 info using npm@1.4.28
3 info using node@v0.10.33
4 verbose cache add [ 'isbinaryfile@2.0.0', null ]
5 verbose cache add name=undefined spec="isbinaryfile@2.0.0" args=["isbinaryfile@2.0.0",null]
6 verbose parsed url { protocol: null,
6 verbose parsed url   slashes: null,
6 verbose parsed url   auth: null,
6 verbose parsed url   host: null,
6 verbose parsed url   port: null,
6 verbose parsed url   hostname: null,
6 verbose parsed url   hash: null,
6 verbose parsed url   search: null,
6 verbose parsed url   query: null,
6 verbose parsed url   pathname: 'isbinaryfile@2.0.0',
6 verbose parsed url   path: 'isbinaryfile@2.0.0',
6 verbose parsed url   href: 'isbinaryfile@2.0.0' }
7 verbose cache add name="isbinaryfile" spec="2.0.0" args=["isbinaryfile","2.0.0"]
8 verbose parsed url { protocol: null,
8 verbose parsed url   slashes: null,
8 verbose parsed url   auth: null,
8 verbose parsed url   host: null,
8 verbose parsed url   port: null,
8 verbose parsed url   hostname: null,
8 verbose parsed url   hash: null,
8 verbose parsed url   search: null,
8 verbose parsed url   query: null,
8 verbose parsed url   pathname: '2.0.0',
8 verbose parsed url   path: '2.0.0',
8 verbose parsed url   href: '2.0.0' }
9 verbose addNamed [ 'isbinaryfile', '2.0.0' ]
10 verbose addNamed [ '2.0.0', '2.0.0' ]
11 silly lockFile 65f79b10-isbinaryfile-2-0-0 isbinaryfile@2.0.0
12 error Error: Attempt to unlock isbinaryfile@2.0.0, which hasn't been locked
12 error     at unlock (/usr/local/lib/node_modules/npm/lib/utils/locker.js:44:11)
12 error     at cb (/usr/local/lib/node_modules/npm/lib/cache/add-named.js:32:5)
12 error     at /usr/local/lib/node_modules/npm/lib/cache/add-named.js:41:20
12 error     at /usr/local/lib/node_modules/npm/lib/utils/locker.js:22:20
12 error     at /usr/local/lib/node_modules/npm/node_modules/inflight/inflight.js:22:7
12 error     at Array.forEach (native)
12 error     at res (/usr/local/lib/node_modules/npm/node_modules/inflight/inflight.js:21:9)
12 error     at f (/usr/local/lib/node_modules/npm/node_modules/once/once.js:16:25)
12 error     at afterMkdir (/usr/local/lib/node_modules/npm/lib/cache/get-stat.js:53:14)
12 error     at /usr/local/lib/node_modules/npm/node_modules/mkdirp/index.js:46:53
13 error If you need help, you may report this *entire* log,
13 error including the npm and node versions, at:
13 error     <http://github.com/npm/npm/issues>
14 error System Linux 4.1.1
15 error command "/usr/local/bin/node" "/usr/local/bin/npm" "pack" "isbinaryfile@2.0.0"
16 error cwd /opt/github/repos/c9-core-installer-test/suite/jessie/debian
17 error node -v v0.10.33
18 error npm -v 1.4.28
19 verbose exit [ 1, true ]
