  * Kernel Updates
  * linux-image-6.10.14-bone15
  * linux-image-6.11.11-bone11
  * linux-image-6.1.127-armv7-lpae-x12
  * linux-image-6.1.127-armv7-rt-x12
  * linux-image-6.1.127-armv7-x12
  * linux-image-6.1.127-bone35
  * linux-image-6.1.127-bone-rt-r35
  * linux-image-6.12.12-bone11
  * linux-image-6.13.0-bone6
  * linux-image-6.13.1-bone8
  * linux-image-6.14.0-rc1-bone2
  * linux-image-6.2.16-bone23
  * linux-image-6.3.13-bone33
  * linux-image-6.4.16-bone25
  * linux-image-6.5.13-bone18
  * linux-image-6.6.74-armv7-lpae-x22
  * linux-image-6.6.74-armv7-rt-x22
  * linux-image-6.6.74-armv7-x22
  * linux-image-6.6.74-bone22
  * linux-image-6.6.74-bone-rt-r22
  * linux-image-6.7.12-bone22
  * linux-image-6.9.12-bone12
